<?xml version="1.0" encoding="UTF-8"?>
<!-- Generated by org.testng.reporters.JUnitXMLReporter -->
<testsuite ignored="0" hostname="WIN-ULJM1V86J9P" failures="0" tests="3" name="Default test" time="9.835" errors="0" timestamp="2021-11-25T13:45:54 IST">
  <testcase classname="TestNG.Activity9" name="simpleAlertTestCase" time="0.269"/>
  <testcase classname="TestNG.Activity9" name="confirmAlertTestCase" time="0.172"/>
  <testcase classname="TestNG.Activity9" name="promptAlertTestCase" time="0.118"/>
</testsuite> <!-- Default test -->
